<?xml version="1.0" encoding="UTF-8"?>
<!-- Generated by org.testng.reporters.JUnitReportReporter -->
<testsuite skipped="0" hostname="LAPTOP-L4BUNP0Q" name="AmazonHome.TestSearchItems" tests="1" failures="0" timestamp="16 Sep 2017 16:38:45 GMT" time="31.213" errors="0">
  <testcase name="testSearchItems" time="31.213" classname="AmazonHome.TestSearchItems"/>
</testsuite> <!-- AmazonHome.TestSearchItems -->
