<?xml version="1.0" encoding="UTF-8"?>
<!-- Generated by org.testng.reporters.JUnitReportReporter -->
<testsuite skipped="0" hostname="LAPTOP-L4BUNP0Q" name="TestFacebookHome.TestCreateAccount" tests="1" failures="0" timestamp="16 Sep 2017 16:39:06 GMT" time="8.476" errors="0">
  <testcase name="testCreateAccount" time="8.476" classname="TestFacebookHome.TestCreateAccount"/>
</testsuite> <!-- TestFacebookHome.TestCreateAccount -->
