<?xml version="1.0" encoding="UTF-8"?>
<!-- Generated by org.testng.reporters.JUnitReportReporter -->
<testsuite skipped="0" hostname="LAPTOP-L4BUNP0Q" name="TestFacebookProfile.TestChangeSettings" tests="1" failures="0" timestamp="26 Sep 2017 18:26:23 GMT" time="16.726" errors="0">
  <testcase name="testChangeSettings" time="16.726" classname="TestFacebookProfile.TestChangeSettings"/>
</testsuite> <!-- TestFacebookProfile.TestChangeSettings -->
