<?xml version="1.0" encoding="UTF-8"?>
<!-- Generated by org.testng.reporters.JUnitReportReporter -->
<testsuite skipped="0" hostname="LAPTOP-L4BUNP0Q" name="TestFacebookHome.TestLogin" tests="1" failures="0" timestamp="16 Sep 2017 16:39:06 GMT" time="10.451" errors="0">
  <testcase name="testLogin" time="10.451" classname="TestFacebookHome.TestLogin"/>
</testsuite> <!-- TestFacebookHome.TestLogin -->
