<?xml version="1.0" encoding="UTF-8"?>
<!-- Generated by org.testng.reporters.JUnitReportReporter -->
<testsuite skipped="0" hostname="LAPTOP-L4BUNP0Q" name="TestFacebookProfile.TestChangeSettings" tests="1" failures="0" timestamp="29 Sep 2017 20:42:38 GMT" time="24.274" errors="0">
  <testcase name="testChangeSettings" time="24.274" classname="TestFacebookProfile.TestChangeSettings"/>
</testsuite> <!-- TestFacebookProfile.TestChangeSettings -->
